/*C40*/SET SCHEMA PUBLIC
INSERT INTO USERS VALUES('TestUser','pw',1,NULL,NULL)
COMMIT
DISCONNECT
/*C41*/SET SCHEMA PUBLIC
DELETE FROM USERS WHERE USERNAME='TestUser'
INSERT INTO USERS VALUES('TestUser','pw',1,'TestRealName',NULL)
COMMIT
DISCONNECT
/*C42*/SET SCHEMA PUBLIC
DISCONNECT
/*C43*/SET SCHEMA PUBLIC
DISCONNECT
/*C44*/SET SCHEMA PUBLIC
DELETE FROM USERS WHERE USERNAME='TestUser'
COMMIT
DISCONNECT
/*C45*/SET SCHEMA PUBLIC
DISCONNECT
/*C46*/SET SCHEMA PUBLIC
INSERT INTO ROLES VALUES(3,'moderator')
COMMIT
DISCONNECT
/*C47*/SET SCHEMA PUBLIC
DISCONNECT
/*C48*/SET SCHEMA PUBLIC
DELETE FROM ROLES WHERE ID=3
INSERT INTO ROLES VALUES(3,'updatedModerator')
COMMIT
DISCONNECT
/*C49*/SET SCHEMA PUBLIC
DISCONNECT
/*C50*/SET SCHEMA PUBLIC
DISCONNECT
/*C51*/SET SCHEMA PUBLIC
DELETE FROM ROLES WHERE ID=3
COMMIT
DISCONNECT
/*C52*/SET SCHEMA PUBLIC
DISCONNECT
/*C53*/SET SCHEMA PUBLIC
INSERT INTO ROOMS VALUES(21,'new room')
COMMIT
DISCONNECT
/*C54*/SET SCHEMA PUBLIC
DISCONNECT
/*C55*/SET SCHEMA PUBLIC
DELETE FROM ROOMS WHERE ID=21
INSERT INTO ROOMS VALUES(21,'new room name')
COMMIT
DISCONNECT
/*C56*/SET SCHEMA PUBLIC
DISCONNECT
/*C57*/SET SCHEMA PUBLIC
DISCONNECT
/*C58*/SET SCHEMA PUBLIC
DELETE FROM ROOMS WHERE ID=21
COMMIT
DISCONNECT
/*C59*/SET SCHEMA PUBLIC
DISCONNECT
/*C60*/SET SCHEMA PUBLIC
DISCONNECT
